build/app/intermediates/manifest_merge_blame_file/debug/manifest-merger-blame-debug-report.txt
1<?xml version="1.0" encoding="utf-8"?>
2<manifest xmlns:android="http://schemas.android.com/apk/res/android"
3    package="com.example.scanner_app"
4    android:versionCode="1"
5    android:versionName="1.0.0" >
6
7    <uses-sdk
8        android:minSdkVersion="21"
9        android:targetSdkVersion="35" />
10    <!--
11         The INTERNET permission is required for development. Specifically,
12         the Flutter tool needs it to communicate with the running application
13         to allow setting breakpoints, to provide hot reload, etc.
14    -->
15    <uses-permission android:name="android.permission.INTERNET" />
15-->src\debug\AndroidManifest.xml:6:5-66
15-->src\debug\AndroidManifest.xml:6:22-64
16    <uses-permission android:name="android.permission.CAMERA" />
16-->src\main\AndroidManifest.xml:2:5-65
16-->src\main\AndroidManifest.xml:2:22-62
17    <!--
18 Required to query activities that can process text, see:
19         https://developer.android.com/training/package-visibility and
20         https://developer.android.com/reference/android/content/Intent#ACTION_PROCESS_TEXT.
21
22         In particular, this is used by the Flutter engine in io.flutter.plugin.text.ProcessTextPlugin.
23    -->
24    <queries>
24-->src\main\AndroidManifest.xml:40:5-45:15
25        <intent>
25-->src\main\AndroidManifest.xml:41:9-44:18
26            <action android:name="android.intent.action.PROCESS_TEXT" />
26-->src\main\AndroidManifest.xml:42:13-72
26-->src\main\AndroidManifest.xml:42:21-70
27
28            <data android:mimeType="text/plain" />
28-->src\main\AndroidManifest.xml:43:13-50
28-->src\main\AndroidManifest.xml:43:19-48
29        </intent>
30    </queries>
31
32    <uses-feature
32-->[:mobile_scanner] AndroidManifest.xml:9:5-11:36
33        android:name="android.hardware.camera"
33-->[:mobile_scanner] AndroidManifest.xml:10:9-47
34        android:required="false" />
34-->[:mobile_scanner] AndroidManifest.xml:11:9-33
35
36    <permission
36-->[androidx.core:core:1.13.1] AndroidManifest.xml:22:5-24:47
37        android:name="com.example.scanner_app.DYNAMIC_RECEIVER_NOT_EXPORTED_PERMISSION"
37-->[androidx.core:core:1.13.1] AndroidManifest.xml:23:9-81
38        android:protectionLevel="signature" />
38-->[androidx.core:core:1.13.1] AndroidManifest.xml:24:9-44
39
40    <uses-permission android:name="com.example.scanner_app.DYNAMIC_RECEIVER_NOT_EXPORTED_PERMISSION" /> <!-- Although the *SdkVersion is captured in gradle build files, this is required for non gradle builds -->
40-->[androidx.core:core:1.13.1] AndroidManifest.xml:26:5-97
40-->[androidx.core:core:1.13.1] AndroidManifest.xml:26:22-94
41    <!-- <uses-sdk android:minSdkVersion="14"/> -->
42    <uses-permission android:name="android.permission.ACCESS_NETWORK_STATE" />
42-->[com.google.android.datatransport:transport-backend-cct:2.3.3] AndroidManifest.xml:25:5-79
42-->[com.google.android.datatransport:transport-backend-cct:2.3.3] AndroidManifest.xml:25:22-76
43
44    <application
45        android:name="android.app.Application"
46        android:appComponentFactory="androidx.core.app.CoreComponentFactory"
46-->[androidx.core:core:1.13.1] AndroidManifest.xml:28:18-86
47        android:debuggable="true"
48        android:extractNativeLibs="true"
49        android:icon="@mipmap/ic_launcher"
50        android:label="scanner_app" >
51        <activity
52            android:name="com.example.scanner_app.MainActivity"
53            android:configChanges="orientation|keyboardHidden|keyboard|screenSize|smallestScreenSize|locale|layoutDirection|fontScale|screenLayout|density|uiMode"
54            android:exported="true"
55            android:hardwareAccelerated="true"
56            android:launchMode="singleTop"
57            android:taskAffinity=""
58            android:theme="@style/LaunchTheme"
59            android:windowSoftInputMode="adjustResize" >
60
61            <!--
62                 Specifies an Android theme to apply to this Activity as soon as
63                 the Android process has started. This theme is visible to the user
64                 while the Flutter UI initializes. After that, this theme continues
65                 to determine the Window background behind the Flutter UI.
66            -->
67            <meta-data
68                android:name="io.flutter.embedding.android.NormalTheme"
69                android:resource="@style/NormalTheme" />
70
71            <intent-filter>
72                <action android:name="android.intent.action.MAIN" />
73
74                <category android:name="android.intent.category.LAUNCHER" />
75            </intent-filter>
76        </activity>
77        <!--
78             Don't delete the meta-data below.
79             This is used by the Flutter tool to generate GeneratedPluginRegistrant.java
80        -->
81        <meta-data
82            android:name="flutterEmbedding"
83            android:value="2" />
84        <!--
85        Service for holding metadata. Cannot be instantiated.
86        Metadata will be merged from other manifests.
87        -->
88        <service
88-->[androidx.camera:camera-core:1.3.1] AndroidManifest.xml:29:9-33:78
89            android:name="androidx.camera.core.impl.MetadataHolderService"
89-->[androidx.camera:camera-core:1.3.1] AndroidManifest.xml:30:13-75
90            android:enabled="false"
90-->[androidx.camera:camera-core:1.3.1] AndroidManifest.xml:31:13-36
91            android:exported="false" >
91-->[androidx.camera:camera-core:1.3.1] AndroidManifest.xml:32:13-37
92            <meta-data
92-->[androidx.camera:camera-camera2:1.3.1] AndroidManifest.xml:30:13-32:89
93                android:name="androidx.camera.core.impl.MetadataHolderService.DEFAULT_CONFIG_PROVIDER"
93-->[androidx.camera:camera-camera2:1.3.1] AndroidManifest.xml:31:17-103
94                android:value="androidx.camera.camera2.Camera2Config$DefaultProvider" />
94-->[androidx.camera:camera-camera2:1.3.1] AndroidManifest.xml:32:17-86
95        </service>
96        <service
96-->[com.google.android.gms:play-services-mlkit-barcode-scanning:18.3.0] AndroidManifest.xml:9:9-15:19
97            android:name="com.google.mlkit.common.internal.MlKitComponentDiscoveryService"
97-->[com.google.android.gms:play-services-mlkit-barcode-scanning:18.3.0] AndroidManifest.xml:10:13-91
98            android:directBootAware="true"
98-->[com.google.mlkit:common:18.9.0] AndroidManifest.xml:17:13-43
99            android:exported="false" >
99-->[com.google.android.gms:play-services-mlkit-barcode-scanning:18.3.0] AndroidManifest.xml:11:13-37
100            <meta-data
100-->[com.google.android.gms:play-services-mlkit-barcode-scanning:18.3.0] AndroidManifest.xml:12:13-14:85
101                android:name="com.google.firebase.components:com.google.mlkit.vision.barcode.internal.BarcodeRegistrar"
101-->[com.google.android.gms:play-services-mlkit-barcode-scanning:18.3.0] AndroidManifest.xml:13:17-120
102                android:value="com.google.firebase.components.ComponentRegistrar" />
102-->[com.google.android.gms:play-services-mlkit-barcode-scanning:18.3.0] AndroidManifest.xml:14:17-82
103            <meta-data
103-->[com.google.mlkit:vision-common:17.3.0] AndroidManifest.xml:12:13-14:85
104                android:name="com.google.firebase.components:com.google.mlkit.vision.common.internal.VisionCommonRegistrar"
104-->[com.google.mlkit:vision-common:17.3.0] AndroidManifest.xml:13:17-124
105                android:value="com.google.firebase.components.ComponentRegistrar" />
105-->[com.google.mlkit:vision-common:17.3.0] AndroidManifest.xml:14:17-82
106            <meta-data
106-->[com.google.mlkit:common:18.9.0] AndroidManifest.xml:20:13-22:85
107                android:name="com.google.firebase.components:com.google.mlkit.common.internal.CommonComponentRegistrar"
107-->[com.google.mlkit:common:18.9.0] AndroidManifest.xml:21:17-120
108                android:value="com.google.firebase.components.ComponentRegistrar" />
108-->[com.google.mlkit:common:18.9.0] AndroidManifest.xml:22:17-82
109        </service>
110
111        <provider
111-->[com.google.mlkit:common:18.9.0] AndroidManifest.xml:9:9-13:38
112            android:name="com.google.mlkit.common.internal.MlKitInitProvider"
112-->[com.google.mlkit:common:18.9.0] AndroidManifest.xml:10:13-78
113            android:authorities="com.example.scanner_app.mlkitinitprovider"
113-->[com.google.mlkit:common:18.9.0] AndroidManifest.xml:11:13-69
114            android:exported="false"
114-->[com.google.mlkit:common:18.9.0] AndroidManifest.xml:12:13-37
115            android:initOrder="99" />
115-->[com.google.mlkit:common:18.9.0] AndroidManifest.xml:13:13-35
116
117        <activity
117-->[com.google.android.gms:play-services-base:18.1.0] AndroidManifest.xml:20:9-22:45
118            android:name="com.google.android.gms.common.api.GoogleApiActivity"
118-->[com.google.android.gms:play-services-base:18.1.0] AndroidManifest.xml:20:19-85
119            android:exported="false"
119-->[com.google.android.gms:play-services-base:18.1.0] AndroidManifest.xml:22:19-43
120            android:theme="@android:style/Theme.Translucent.NoTitleBar" />
120-->[com.google.android.gms:play-services-base:18.1.0] AndroidManifest.xml:21:19-78
121
122        <meta-data
122-->[com.google.android.gms:play-services-basement:18.1.0] AndroidManifest.xml:21:9-23:69
123            android:name="com.google.android.gms.version"
123-->[com.google.android.gms:play-services-basement:18.1.0] AndroidManifest.xml:22:13-58
124            android:value="@integer/google_play_services_version" />
124-->[com.google.android.gms:play-services-basement:18.1.0] AndroidManifest.xml:23:13-66
125
126        <uses-library
126-->[androidx.window:window:1.2.0] AndroidManifest.xml:23:9-25:40
127            android:name="androidx.window.extensions"
127-->[androidx.window:window:1.2.0] AndroidManifest.xml:24:13-54
128            android:required="false" />
128-->[androidx.window:window:1.2.0] AndroidManifest.xml:25:13-37
129        <uses-library
129-->[androidx.window:window:1.2.0] AndroidManifest.xml:26:9-28:40
130            android:name="androidx.window.sidecar"
130-->[androidx.window:window:1.2.0] AndroidManifest.xml:27:13-51
131            android:required="false" />
131-->[androidx.window:window:1.2.0] AndroidManifest.xml:28:13-37
132
133        <provider
133-->[androidx.lifecycle:lifecycle-process:2.7.0] AndroidManifest.xml:24:9-32:20
134            android:name="androidx.startup.InitializationProvider"
134-->[androidx.lifecycle:lifecycle-process:2.7.0] AndroidManifest.xml:25:13-67
135            android:authorities="com.example.scanner_app.androidx-startup"
135-->[androidx.lifecycle:lifecycle-process:2.7.0] AndroidManifest.xml:26:13-68
136            android:exported="false" >
136-->[androidx.lifecycle:lifecycle-process:2.7.0] AndroidManifest.xml:27:13-37
137            <meta-data
137-->[androidx.lifecycle:lifecycle-process:2.7.0] AndroidManifest.xml:29:13-31:52
138                android:name="androidx.lifecycle.ProcessLifecycleInitializer"
138-->[androidx.lifecycle:lifecycle-process:2.7.0] AndroidManifest.xml:30:17-78
139                android:value="androidx.startup" />
139-->[androidx.lifecycle:lifecycle-process:2.7.0] AndroidManifest.xml:31:17-49
140            <meta-data
140-->[androidx.profileinstaller:profileinstaller:1.3.1] AndroidManifest.xml:29:13-31:52
141                android:name="androidx.profileinstaller.ProfileInstallerInitializer"
141-->[androidx.profileinstaller:profileinstaller:1.3.1] AndroidManifest.xml:30:17-85
142                android:value="androidx.startup" />
142-->[androidx.profileinstaller:profileinstaller:1.3.1] AndroidManifest.xml:31:17-49
143        </provider>
144
145        <receiver
145-->[androidx.profileinstaller:profileinstaller:1.3.1] AndroidManifest.xml:34:9-52:20
146            android:name="androidx.profileinstaller.ProfileInstallReceiver"
146-->[androidx.profileinstaller:profileinstaller:1.3.1] AndroidManifest.xml:35:13-76
147            android:directBootAware="false"
147-->[androidx.profileinstaller:profileinstaller:1.3.1] AndroidManifest.xml:36:13-44
148            android:enabled="true"
148-->[androidx.profileinstaller:profileinstaller:1.3.1] AndroidManifest.xml:37:13-35
149            android:exported="true"
149-->[androidx.profileinstaller:profileinstaller:1.3.1] AndroidManifest.xml:38:13-36
150            android:permission="android.permission.DUMP" >
150-->[androidx.profileinstaller:profileinstaller:1.3.1] AndroidManifest.xml:39:13-57
151            <intent-filter>
151-->[androidx.profileinstaller:profileinstaller:1.3.1] AndroidManifest.xml:40:13-42:29
152                <action android:name="androidx.profileinstaller.action.INSTALL_PROFILE" />
152-->[androidx.profileinstaller:profileinstaller:1.3.1] AndroidManifest.xml:41:17-91
152-->[androidx.profileinstaller:profileinstaller:1.3.1] AndroidManifest.xml:41:25-88
153            </intent-filter>
154            <intent-filter>
154-->[androidx.profileinstaller:profileinstaller:1.3.1] AndroidManifest.xml:43:13-45:29
155                <action android:name="androidx.profileinstaller.action.SKIP_FILE" />
155-->[androidx.profileinstaller:profileinstaller:1.3.1] AndroidManifest.xml:44:17-85
155-->[androidx.profileinstaller:profileinstaller:1.3.1] AndroidManifest.xml:44:25-82
156            </intent-filter>
157            <intent-filter>
157-->[androidx.profileinstaller:profileinstaller:1.3.1] AndroidManifest.xml:46:13-48:29
158                <action android:name="androidx.profileinstaller.action.SAVE_PROFILE" />
158-->[androidx.profileinstaller:profileinstaller:1.3.1] AndroidManifest.xml:47:17-88
158-->[androidx.profileinstaller:profileinstaller:1.3.1] AndroidManifest.xml:47:25-85
159            </intent-filter>
160            <intent-filter>
160-->[androidx.profileinstaller:profileinstaller:1.3.1] AndroidManifest.xml:49:13-51:29
161                <action android:name="androidx.profileinstaller.action.BENCHMARK_OPERATION" />
161-->[androidx.profileinstaller:profileinstaller:1.3.1] AndroidManifest.xml:50:17-95
161-->[androidx.profileinstaller:profileinstaller:1.3.1] AndroidManifest.xml:50:25-92
162            </intent-filter>
163        </receiver>
164
165        <service
165-->[com.google.android.datatransport:transport-backend-cct:2.3.3] AndroidManifest.xml:29:9-35:19
166            android:name="com.google.android.datatransport.runtime.backends.TransportBackendDiscovery"
166-->[com.google.android.datatransport:transport-backend-cct:2.3.3] AndroidManifest.xml:30:13-103
167            android:exported="false" >
167-->[com.google.android.datatransport:transport-backend-cct:2.3.3] AndroidManifest.xml:31:13-37
168            <meta-data
168-->[com.google.android.datatransport:transport-backend-cct:2.3.3] AndroidManifest.xml:32:13-34:39
169                android:name="backend:com.google.android.datatransport.cct.CctBackendFactory"
169-->[com.google.android.datatransport:transport-backend-cct:2.3.3] AndroidManifest.xml:33:17-94
170                android:value="cct" />
170-->[com.google.android.datatransport:transport-backend-cct:2.3.3] AndroidManifest.xml:34:17-36
171        </service>
172        <service
172-->[com.google.android.datatransport:transport-runtime:2.2.6] AndroidManifest.xml:26:9-30:19
173            android:name="com.google.android.datatransport.runtime.scheduling.jobscheduling.JobInfoSchedulerService"
173-->[com.google.android.datatransport:transport-runtime:2.2.6] AndroidManifest.xml:27:13-117
174            android:exported="false"
174-->[com.google.android.datatransport:transport-runtime:2.2.6] AndroidManifest.xml:28:13-37
175            android:permission="android.permission.BIND_JOB_SERVICE" >
175-->[com.google.android.datatransport:transport-runtime:2.2.6] AndroidManifest.xml:29:13-69
176        </service>
177
178        <receiver
178-->[com.google.android.datatransport:transport-runtime:2.2.6] AndroidManifest.xml:32:9-34:40
179            android:name="com.google.android.datatransport.runtime.scheduling.jobscheduling.AlarmManagerSchedulerBroadcastReceiver"
179-->[com.google.android.datatransport:transport-runtime:2.2.6] AndroidManifest.xml:33:13-132
180            android:exported="false" />
180-->[com.google.android.datatransport:transport-runtime:2.2.6] AndroidManifest.xml:34:13-37
181    </application>
182
183</manifest>